2024-05-29 16:03:34,741:INFO:22:Rotation axis: [ 0.54429575 -0.8388934   0.        ]
2024-05-29 16:03:34,742:INFO:29:Rotating by 68.00042297052832.
2024-05-29 16:03:34,743:INFO:160:Angle of chain with respect to z-axis: 0º
2024-05-29 16:03:34,745:WARNING:176:Failed to find best n value for 3 with max n: 205
2024-05-29 16:03:34,745:WARNING:177:Could not find lattice vectors for the cuboidal cell of size: 3
2024-05-29 16:03:34,745:WARNING:176:Failed to find best n value for 14 with max n: 205
2024-05-29 16:03:34,745:WARNING:177:n must be odd, got 14
2024-05-29 16:03:35,283:INFO:148:Cell angles:
2024-05-29 16:03:35,284:INFO:149:alfa: 90.000004082555407 beta: 89.999993677007424 gama: 90.000012424939683
2024-05-29 16:03:35,284:INFO:150:Best Lat Dims:
2024-05-29 16:03:35,284:INFO:151:x: 5.653054703716300 y: 9.791379829731914 z: 12.117512132554726
2024-05-29 16:03:35,284:INFO:152:Best Lattice vectors:
2024-05-29 16:03:35,284:INFO:153:[[ 5.64542801e+00  2.93547409e-01  6.23854379e-07]
 [-5.08441243e-01  9.77816989e+00 -6.97675307e-07]
 [ 0.00000000e+00  4.44089210e-16  1.21175121e+01]]
2024-05-29 16:03:35,397:INFO:148:Cell angles:
2024-05-29 16:03:35,397:INFO:149:alfa: 90.000004082555407 beta: 89.999993677007424 gama: 90.000012424939683
2024-05-29 16:03:35,397:INFO:150:Best Lat Dims:
2024-05-29 16:03:35,397:INFO:151:x: 5.653054703716300 y: 9.791379829731914 z: 12.117512132554726
2024-05-29 16:03:35,397:INFO:152:Best Lattice vectors:
2024-05-29 16:03:35,397:INFO:153:[[ 5.64542801e+00  2.93547409e-01  6.23854379e-07]
 [-5.08441243e-01  9.77816989e+00 -6.97675307e-07]
 [ 0.00000000e+00  4.44089210e-16  1.21175121e+01]]
2024-05-29 16:03:35,397:INFO:169:Best n value for 0º: 15
2024-05-29 16:03:35,397:INFO:372:Number of copies to make of lattice for search: 15
2024-05-29 16:03:35,398:INFO:22:Rotation axis: [ 0.54429575 -0.8388934   0.        ]
2024-05-29 16:03:35,398:INFO:29:Rotating by 68.00042297052832.
2024-05-29 16:03:35,511:INFO:148:Cell angles:
2024-05-29 16:03:35,511:INFO:149:alfa: 90.000004082555407 beta: 89.999993677007424 gama: 90.000012424939683
2024-05-29 16:03:35,511:INFO:150:Best Lat Dims:
2024-05-29 16:03:35,511:INFO:151:x: 5.653054703716300 y: 9.791379829731914 z: 12.117512132554726
2024-05-29 16:03:35,511:INFO:152:Best Lattice vectors:
2024-05-29 16:03:35,511:INFO:153:[[ 5.64542801e+00  2.93547409e-01  6.23854379e-07]
 [-5.08441243e-01  9.77816989e+00 -6.97675307e-07]
 [ 0.00000000e+00  4.44089210e-16  1.21175121e+01]]
2024-05-29 16:03:36,736:INFO:22:Rotation axis: [ 0.53768215 -0.84314762  0.        ]
2024-05-29 16:03:36,736:INFO:29:Rotating by 68.42744850192375.
2024-05-29 16:03:36,737:INFO:160:Angle of chain with respect to z-axis: 0º
2024-05-29 16:03:36,738:WARNING:176:Failed to find best n value for 3 with max n: 205
2024-05-29 16:03:36,738:WARNING:177:Could not find lattice vectors for the cuboidal cell of size: 3
2024-05-29 16:03:36,738:WARNING:176:Failed to find best n value for 14 with max n: 205
2024-05-29 16:03:36,738:WARNING:177:n must be odd, got 14
2024-05-29 16:03:37,265:INFO:148:Cell angles:
2024-05-29 16:03:37,265:INFO:149:alfa: 89.905517191808670 beta: 90.000007150689399 gama: 90.000002629470814
2024-05-29 16:03:37,265:INFO:150:Best Lat Dims:
2024-05-29 16:03:37,265:INFO:151:x: 5.594602740410976 y: 9.581719031520285 z: 12.215658103590695
2024-05-29 16:03:37,265:INFO:152:Best Lattice vectors:
2024-05-29 16:03:37,265:INFO:153:[[ 5.59042729e+00  2.16107719e-01 -6.98223618e-07]
 [-3.70121557e-01  9.57455482e+00  1.58005933e-02]
 [ 4.44089210e-16 -2.22044605e-16  1.22156581e+01]]
2024-05-29 16:03:37,378:INFO:148:Cell angles:
2024-05-29 16:03:37,378:INFO:149:alfa: 89.905517191808670 beta: 90.000007150689399 gama: 90.000002629470814
2024-05-29 16:03:37,378:INFO:150:Best Lat Dims:
2024-05-29 16:03:37,378:INFO:151:x: 5.594602740410976 y: 9.581719031520285 z: 12.215658103590695
2024-05-29 16:03:37,379:INFO:152:Best Lattice vectors:
2024-05-29 16:03:37,379:INFO:153:[[ 5.59042729e+00  2.16107719e-01 -6.98223618e-07]
 [-3.70121557e-01  9.57455482e+00  1.58005933e-02]
 [ 4.44089210e-16 -2.22044605e-16  1.22156581e+01]]
2024-05-29 16:03:37,379:INFO:169:Best n value for 0º: 15
2024-05-29 16:03:37,379:INFO:372:Number of copies to make of lattice for search: 15
2024-05-29 16:03:37,379:INFO:22:Rotation axis: [ 0.53768215 -0.84314762  0.        ]
2024-05-29 16:03:37,379:INFO:29:Rotating by 68.42744850192375.
2024-05-29 16:03:37,494:INFO:148:Cell angles:
2024-05-29 16:03:37,494:INFO:149:alfa: 89.905517191808670 beta: 90.000007150689399 gama: 90.000002629470814
2024-05-29 16:03:37,494:INFO:150:Best Lat Dims:
2024-05-29 16:03:37,494:INFO:151:x: 5.594602740410976 y: 9.581719031520285 z: 12.215658103590695
2024-05-29 16:03:37,494:INFO:152:Best Lattice vectors:
2024-05-29 16:03:37,494:INFO:153:[[ 5.59042729e+00  2.16107719e-01 -6.98223618e-07]
 [-3.70121557e-01  9.57455482e+00  1.58005933e-02]
 [ 4.44089210e-16 -2.22044605e-16  1.22156581e+01]]
2024-05-29 16:03:38,627:INFO:22:Rotation axis: [ 0.5445016 -0.8387598  0.       ]
2024-05-29 16:03:38,627:INFO:29:Rotating by 67.98798062646173.
2024-05-29 16:03:38,628:INFO:160:Angle of chain with respect to z-axis: 0º
2024-05-29 16:03:38,629:WARNING:176:Failed to find best n value for 3 with max n: 205
2024-05-29 16:03:38,629:WARNING:177:Could not find lattice vectors for the cuboidal cell of size: 3
2024-05-29 16:03:38,629:WARNING:176:Failed to find best n value for 14 with max n: 205
2024-05-29 16:03:38,629:WARNING:177:n must be odd, got 14
2024-05-29 16:03:39,163:INFO:148:Cell angles:
2024-05-29 16:03:39,164:INFO:149:alfa: 89.999987901380464 beta: 89.999999032830658 gama: 90.000001469801035
2024-05-29 16:03:39,164:INFO:150:Best Lat Dims:
2024-05-29 16:03:39,164:INFO:151:x: 5.645899386526207 y: 9.778987118831735 z: 12.094612715366996
2024-05-29 16:03:39,164:INFO:152:Best Lattice vectors:
2024-05-29 16:03:39,164:INFO:153:[[ 5.63821021e+00  2.94559788e-01  9.53044141e-08]
 [-5.10192900e-01  9.76566906e+00  2.06493821e-06]
 [ 2.66453526e-15  1.99840144e-15  1.20946127e+01]]
2024-05-29 16:03:39,281:INFO:148:Cell angles:
2024-05-29 16:03:39,281:INFO:149:alfa: 89.999987901380464 beta: 89.999999032830658 gama: 90.000001469801035
2024-05-29 16:03:39,281:INFO:150:Best Lat Dims:
2024-05-29 16:03:39,281:INFO:151:x: 5.645899386526207 y: 9.778987118831735 z: 12.094612715366996
2024-05-29 16:03:39,281:INFO:152:Best Lattice vectors:
2024-05-29 16:03:39,281:INFO:153:[[ 5.63821021e+00  2.94559788e-01  9.53044141e-08]
 [-5.10192900e-01  9.76566906e+00  2.06493821e-06]
 [ 2.66453526e-15  1.99840144e-15  1.20946127e+01]]
2024-05-29 16:03:39,281:INFO:169:Best n value for 0º: 15
2024-05-29 16:03:39,281:INFO:372:Number of copies to make of lattice for search: 15
2024-05-29 16:03:39,281:INFO:22:Rotation axis: [ 0.5445016 -0.8387598  0.       ]
2024-05-29 16:03:39,281:INFO:29:Rotating by 67.98798062646173.
2024-05-29 16:03:39,397:INFO:148:Cell angles:
2024-05-29 16:03:39,397:INFO:149:alfa: 89.999987901380464 beta: 89.999999032830658 gama: 90.000001469801035
2024-05-29 16:03:39,397:INFO:150:Best Lat Dims:
2024-05-29 16:03:39,397:INFO:151:x: 5.645899386526207 y: 9.778987118831735 z: 12.094612715366996
2024-05-29 16:03:39,397:INFO:152:Best Lattice vectors:
2024-05-29 16:03:39,397:INFO:153:[[ 5.63821021e+00  2.94559788e-01  9.53044141e-08]
 [-5.10192900e-01  9.76566906e+00  2.06493821e-06]
 [ 2.66453526e-15  1.99840144e-15  1.20946127e+01]]
2024-05-29 16:03:40,660:INFO:22:Rotation axis: [ 0.55195035 -0.83387698  0.        ]
2024-05-29 16:03:40,660:INFO:29:Rotating by 67.94177481519405.
2024-05-29 16:03:40,661:INFO:160:Angle of chain with respect to z-axis: 0º
2024-05-29 16:03:40,663:WARNING:176:Failed to find best n value for 3 with max n: 205
2024-05-29 16:03:40,663:WARNING:177:Could not find lattice vectors for the cuboidal cell of size: 3
2024-05-29 16:03:40,663:WARNING:176:Failed to find best n value for 14 with max n: 205
2024-05-29 16:03:40,663:WARNING:177:n must be odd, got 14
2024-05-29 16:03:41,205:INFO:148:Cell angles:
2024-05-29 16:03:41,206:INFO:149:alfa: 89.098342871314031 beta: 91.567898600852814 gama: 89.615965214706804
2024-05-29 16:03:41,206:INFO:150:Best Lat Dims:
2024-05-29 16:03:41,206:INFO:151:x: 5.589377882940194 y: 9.718622878332559 z: 12.067004680726821
2024-05-29 16:03:41,206:INFO:152:Best Lattice vectors:
2024-05-29 16:03:41,206:INFO:153:[[ 5.57815934e+00  3.19209457e-01 -1.52934197e-01]
 [-4.85918223e-01  9.70526276e+00  1.52934544e-01]
 [-2.66453526e-15 -2.22044605e-15  1.20670047e+01]]
2024-05-29 16:03:41,320:INFO:148:Cell angles:
2024-05-29 16:03:41,320:INFO:149:alfa: 89.098342871314031 beta: 91.567898600852814 gama: 89.615965214706804
2024-05-29 16:03:41,320:INFO:150:Best Lat Dims:
2024-05-29 16:03:41,320:INFO:151:x: 5.589377882940194 y: 9.718622878332559 z: 12.067004680726821
2024-05-29 16:03:41,320:INFO:152:Best Lattice vectors:
2024-05-29 16:03:41,320:INFO:153:[[ 5.57815934e+00  3.19209457e-01 -1.52934197e-01]
 [-4.85918223e-01  9.70526276e+00  1.52934544e-01]
 [-2.66453526e-15 -2.22044605e-15  1.20670047e+01]]
2024-05-29 16:03:41,320:INFO:169:Best n value for 0º: 15
2024-05-29 16:03:41,320:INFO:372:Number of copies to make of lattice for search: 15
2024-05-29 16:03:41,320:INFO:22:Rotation axis: [ 0.55195035 -0.83387698  0.        ]
2024-05-29 16:03:41,320:INFO:29:Rotating by 67.94177481519405.
2024-05-29 16:03:41,435:INFO:148:Cell angles:
2024-05-29 16:03:41,435:INFO:149:alfa: 89.098342871314031 beta: 91.567898600852814 gama: 89.615965214706804
2024-05-29 16:03:41,435:INFO:150:Best Lat Dims:
2024-05-29 16:03:41,435:INFO:151:x: 5.589377882940194 y: 9.718622878332559 z: 12.067004680726821
2024-05-29 16:03:41,435:INFO:152:Best Lattice vectors:
2024-05-29 16:03:41,435:INFO:153:[[ 5.57815934e+00  3.19209457e-01 -1.52934197e-01]
 [-4.85918223e-01  9.70526276e+00  1.52934544e-01]
 [-2.66453526e-15 -2.22044605e-15  1.20670047e+01]]
